Arguments: 
  /usr/local/Cellar/node/9.6.1/bin/node /usr/local/Cellar/yarn/1.3.2/libexec/bin/yarn.js add axios: 0.16.2

PATH: 
  /usr/local/opt/bzip2/bin:/usr/local/bin:/Users/miyazonoeiji/.pyenv/shims:/Users/miyazonoeiji/.pyenv/bin:/Users/miyazonoeiji/.phpbrew/php/php-7.0.28/bin:/Users/miyazonoeiji/.phpbrew/bin:/Users/miyazonoeiji/.rbenv/shims:/usr/local/bin:/usr/bin:/bin:/usr/sbin:/sbin:~/bin:~/.composer/vendor/bin:/Applications/Unity/Unity2017.2.0f3.app/Contents/MonoBleedingEdge/bin/

Yarn version: 
  1.3.2

Node version: 
  9.6.1

Platform: 
  darwin x64

npm manifest: 
  {
    "name": "reactRedux",
    "version": "1.0.0",
    "main": "index.js",
    "repository": "https://github.com/MyznEiji/reactRedux.git",
    "author": "MyznEiji <em711th@icloud.com>",
    "license": "MIT"
  }

yarn manifest: 
  No manifest

Lockfile: 
  No lockfile

Trace: 
  Error: Invalid URL
      at module.exports.module.exports (/usr/local/Cellar/yarn/1.3.2/libexec/lib/cli.js:118701:9)
      at NpmRegistry.isRequestToRegistry (/usr/local/Cellar/yarn/1.3.2/libexec/lib/cli.js:30322:86)
      at NpmRegistry.request (/usr/local/Cellar/yarn/1.3.2/libexec/lib/cli.js:30352:31)
      at /usr/local/Cellar/yarn/1.3.2/libexec/lib/cli.js:48960:54
      at Generator.next (<anonymous>)
      at step (/usr/local/Cellar/yarn/1.3.2/libexec/lib/cli.js:92:30)
      at /usr/local/Cellar/yarn/1.3.2/libexec/lib/cli.js:110:14
      at new Promise (<anonymous>)
      at new F (/usr/local/Cellar/yarn/1.3.2/libexec/lib/cli.js:29389:28)
      at /usr/local/Cellar/yarn/1.3.2/libexec/lib/cli.js:89:12
